<?xml version="1.0" encoding="UTF-8"?>
<!-- Generated by org.testng.reporters.JUnitXMLReporter -->
<testsuite hostname="RANITA-PC" ignored="0" name="Test1" tests="1" failures="0" timestamp="04 Dec 2018 09:24:23 GMT" time="0.051" errors="0">
  <testcase name="@BeforeTest beforeTest" time="0.0" classname="pack1.Demo1">
    <failure type="org.testng.TestNGException" message="
Parameter &amp;apos;browser&amp;apos; is required by BeforeTest on method beforeTest but has not been marked @Optional or defined
in C:\Users\Ranita\workspace\TestNGDemo\src\DemoTestSuite.xml">
      <![CDATA[org.testng.TestNGException: 
Parameter 'browser' is required by BeforeTest on method beforeTest but has not been marked @Optional or defined
in C:\Users\Ranita\workspace\TestNGDemo\src\DemoTestSuite.xml
... Removed 21 stack frames]]>
    </failure>
  </testcase> <!-- @BeforeTest beforeTest -->
  <testcase name="@AfterTest afterTest" time="0.0" classname="pack1.Demo1">
    <skipped/>
  </testcase> <!-- @AfterTest afterTest -->
  <testcase name="searchGoogle" time="0.0" classname="pack1.Demo1">
    <skipped/>
  </testcase> <!-- searchGoogle -->
</testsuite> <!-- Test1 -->
